<?xml version="1.0" encoding="UTF-8"?>
<!-- Generated by org.testng.reporters.JUnitReportReporter -->
<testsuite hostname="LPT5410" failures="0" tests="18" name="test.ViewReportTest" time="41.209" errors="0" timestamp="2024-06-13T21:03:01 IST" skipped="0">
  <testcase classname="test.ViewReportTest" name="Functionality_of_SearchBy_field_by_clicking_on_selectBox" time="0.338"/>
  <testcase classname="test.ViewReportTest" name="Validate_functionality_of_SearchButton_without_input" time="1.956"/>
  <testcase classname="test.ViewReportTest" name="Validate_default_input_for_SelectBox" time="0.328"/>
  <testcase classname="test.ViewReportTest" name="validate_functionality_of_SearchForField_when_clickOn_SearchFor_text" time="0.280"/>
  <testcase classname="test.ViewReportTest" name="validate_the_functionality_of_SearchFor_field_when_clickOn_inputBox" time="0.248"/>
  <testcase classname="test.ViewReportTest" name="validate_functionality_of_SearchButton_without_searchByFieldSelection_andEntervalReportID_in_SearchFor_inputField" time="2.071"/>
  <testcase classname="test.ViewReportTest" name="validate_functionality_Search_button_without_SearchByField_selection_and_entervalReportName_in_SearchFor_inputField" time="2.274"/>
  <testcase classname="test.ViewReportTest" name="validate_functionalityOf_SearchButton_with_ID_optionSelectOn_SearchBy_andEnter_ReportID_in_SearchFor_inputField" time="2.463"/>
  <testcase classname="test.ViewReportTest" name="validate_functionalityOf_SearchButton_with_ID_optionSelectOn_SearchBy_selectionBox_enter_invalidReportID_in_SearchFor_inputField" time="2.440"/>
  <testcase classname="test.ViewReportTest" name="validate_functionalityOf_SearchButton_with_ID_optionSelectOn_SearchBy_andEnter_ReportName_in_SearchFor_inputField" time="2.664"/>
  <testcase classname="test.ViewReportTest" name="validate_functionalityOf_SearchButton_with_ID_optionSelectOn_SearchBy_selectionBox_enter_invalidReportName_in_SearchFor_inputField" time="2.461"/>
  <testcase classname="test.ViewReportTest" name="validate_functionalityOf_SearchButton_with_Name_optionSelectOn_SearchBy_selectionBox_enter_validReportID_in_SearchFor_inputField" time="2.568"/>
  <testcase classname="test.ViewReportTest" name="validate_functionalityOf_SearchButton_with_Name_optionSelectOn_SearchBy_selectionBox_enter_invalidReportID_in_SearchFor_inputField" time="2.751"/>
  <testcase classname="test.ViewReportTest" name="validate_functionalityOf_SearchButton_with_Name_optionSelectOn_SearchBy_andEnter_validReportName_in_SearchFor_inputField" time="2.652"/>
  <testcase classname="test.ViewReportTest" name="validate_functionalityOf_SearchButton_with_Name_optionSelectOn_SearchBy_andEnter_invalidReportName_in_SearchFor_inputField" time="2.459"/>
  <testcase classname="test.ViewReportTest" name="validate_functionality_of_Reset_button" time="0.627"/>
  <testcase classname="test.ViewReportTest" name="validate_functionality_of_ReportID_link_by_clickOn_ReportID" time="5.412"/>
  <testcase classname="test.ViewReportTest" name="validate_functionality_of_Back_button" time="7.217"/>
</testsuite> <!-- test.ViewReportTest -->
