<?xml version="1.0" encoding="UTF-8"?>
<!-- Generated by org.testng.reporters.JUnitReportReporter -->
<testsuite hostname="LPT5410" failures="0" tests="5" name="test.ReportTest" time="10.691" errors="0" timestamp="2024-06-13T21:03:01 IST" skipped="0">
  <testcase classname="test.ReportTest" name="ReportField_visiblity_TestCase" time="0.082"/>
  <testcase classname="test.ReportTest" name="Redirect_cursor_to_ReportField" time="0.219"/>
  <testcase classname="test.ReportTest" name="Click_on_ReportField" time="3.442"/>
  <testcase classname="test.ReportTest" name="dropdownBox_clickOn_viewReports_option" time="3.481"/>
  <testcase classname="test.ReportTest" name="DropdownBox_click_on_DefineReports_option" time="3.467"/>
</testsuite> <!-- test.ReportTest -->
