<?xml version="1.0" encoding="UTF-8"?>
<!-- Generated by org.testng.reporters.JUnitReportReporter -->
<testsuite hostname="LPT5410" failures="0" tests="9" name="test.LoginTest" time="11.920" errors="0" timestamp="2024-06-13T21:03:01 IST" skipped="0">
  <testcase classname="test.LoginTest" name="login_TestCase_without_entering_credentials" time="0.100"/>
  <testcase classname="test.LoginTest" name="login_TestCase_invalidUsername_withoutPassword" time="0.237"/>
  <testcase classname="test.LoginTest" name="login_TestCase_validUsername_withoutPassword" time="0.268"/>
  <testcase classname="test.LoginTest" name="login_TestCase_withoutUsername_invalidPassword" time="0.347"/>
  <testcase classname="test.LoginTest" name="login_TestCase_withoutUsername_validPassword" time="0.282"/>
  <testcase classname="test.LoginTest" name="login_TestCase_invalidUsername_invalidPassword" time="1.713"/>
  <testcase classname="test.LoginTest" name="login_TestCase_validUsername_invalidPassword" time="1.916"/>
  <testcase classname="test.LoginTest" name="login_TestCase_invalidUsername_validPassword" time="1.939"/>
  <testcase classname="test.LoginTest" name="login_TestCase_validUsername_validPassword" time="5.118"/>
</testsuite> <!-- test.LoginTest -->
