<?xml version="1.0" encoding="UTF-8"?>
<!-- Generated by org.testng.reporters.JUnitReportReporter -->
<testsuite hostname="LPT5410" failures="0" tests="18" name="test.DefineReportTest" time="46.395" errors="0" timestamp="2024-06-13T21:03:01 IST" skipped="0">
  <testcase classname="test.DefineReportTest" name="Functionality_of_SearchBy_field_by_clicking_on_selectBox" time="0.311"/>
  <testcase classname="test.DefineReportTest" name="Validate_functionality_of_SearchButton_without_input" time="1.953"/>
  <testcase classname="test.DefineReportTest" name="Validate_default_input_for_SelectBox" time="0.263"/>
  <testcase classname="test.DefineReportTest" name="validate_functionality_of_SearchForField_when_clickOn_SearchFor_text" time="0.231"/>
  <testcase classname="test.DefineReportTest" name="validate_the_functionality_of_SearchFor_field_when_clickOn_inputBox" time="0.220"/>
  <testcase classname="test.DefineReportTest" name="validate_functionality_of_SearchButton_without_searchByFieldSelection_andEntervalReportID_in_SearchFor_inputField" time="2.172"/>
  <testcase classname="test.DefineReportTest" name="validate_functionality_Search_button_without_SearchByField_selection_and_entervalReportName_in_SearchFor_inputField" time="2.318"/>
  <testcase classname="test.DefineReportTest" name="validate_functionalityOf_SearchButton_with_ID_optionSelectOn_SearchBy_andEnter_ReportID_in_SearchFor_inputField" time="2.426"/>
  <testcase classname="test.DefineReportTest" name="validate_functionalityOf_SearchButton_with_ID_optionSelectOn_SearchBy_selectionBox_enter_invalidReportID_in_SearchFor_inputField" time="2.559"/>
  <testcase classname="test.DefineReportTest" name="validate_functionalityOf_SearchButton_with_ID_optionSelectOn_SearchBy_andEnter_ReportName_in_SearchFor_inputField" time="2.473"/>
  <testcase classname="test.DefineReportTest" name="validate_functionalityOf_SearchButton_with_ID_optionSelectOn_SearchBy_selectionBox_enter_invalidReportName_in_SearchFor_inputField" time="2.492"/>
  <testcase classname="test.DefineReportTest" name="validate_functionalityOf_SearchButton_with_Name_optionSelectOn_SearchBy_selectionBox_enter_validReportID_in_SearchFor_inputField" time="5.266"/>
  <testcase classname="test.DefineReportTest" name="validate_functionalityOf_SearchButton_with_Name_optionSelectOn_SearchBy_selectionBox_enter_invalidReportID_in_SearchFor_inputField" time="3.739"/>
  <testcase classname="test.DefineReportTest" name="validate_functionalityOf_SearchButton_with_Name_optionSelectOn_SearchBy_andEnter_validReportName_in_SearchFor_inputField" time="2.790"/>
  <testcase classname="test.DefineReportTest" name="validate_functionalityOf_SearchButton_with_Name_optionSelectOn_SearchBy_andEnter_invalidReportName_in_SearchFor_inputField" time="2.551"/>
  <testcase classname="test.DefineReportTest" name="validate_functionality_of_Reset_button" time="0.505"/>
  <testcase classname="test.DefineReportTest" name="validate_functionality_of_ReportID_link_by_clickOn_ReportID" time="6.319"/>
  <testcase classname="test.DefineReportTest" name="validate_functionality_of_Back_button" time="7.807"/>
</testsuite> <!-- test.DefineReportTest -->
